c:\users\lelli\documents\visual studio 2015\projects\gamemanager\mychessstatic\debug\mychessstatic.pdb
c:\users\lelli\documents\visual studio 2015\projects\gamemanager\mychessstatic\debug\mychessstatic.idb
c:\users\lelli\documents\visual studio 2015\projects\gamemanager\mychessstatic\debug\attack.obj
c:\users\lelli\documents\visual studio 2015\projects\gamemanager\mychessstatic\debug\bitboard.obj
c:\users\lelli\documents\visual studio 2015\projects\gamemanager\mychessstatic\debug\board.obj
c:\users\lelli\documents\visual studio 2015\projects\gamemanager\mychessstatic\debug\data.obj
c:\users\lelli\documents\visual studio 2015\projects\gamemanager\mychessstatic\debug\evaluate.obj
c:\users\lelli\documents\visual studio 2015\projects\gamemanager\mychessstatic\debug\hashkeys.obj
c:\users\lelli\documents\visual studio 2015\projects\gamemanager\mychessstatic\debug\init.obj
c:\users\lelli\documents\visual studio 2015\projects\gamemanager\mychessstatic\debug\io.obj
c:\users\lelli\documents\visual studio 2015\projects\gamemanager\mychessstatic\debug\makemove.obj
c:\users\lelli\documents\visual studio 2015\projects\gamemanager\mychessstatic\debug\movegen.obj
c:\users\lelli\documents\visual studio 2015\projects\gamemanager\mychessstatic\debug\mychess.obj
c:\users\lelli\documents\visual studio 2015\projects\gamemanager\mychessstatic\debug\polybook.obj
c:\users\lelli\documents\visual studio 2015\projects\gamemanager\mychessstatic\debug\polykeys.obj
c:\users\lelli\documents\visual studio 2015\projects\gamemanager\mychessstatic\debug\uci.obj
c:\users\lelli\documents\visual studio 2015\projects\gamemanager\mychessstatic\debug\validate.obj
c:\users\lelli\documents\visual studio 2015\projects\gamemanager\debug\mychessstatic.lib
c:\users\lelli\documents\visual studio 2015\projects\gamemanager\debug\mychessstatic.pdb
c:\users\lelli\documents\visual studio 2015\projects\gamemanager\mychessstatic\debug\mychessstatic.tlog\cl.command.1.tlog
c:\users\lelli\documents\visual studio 2015\projects\gamemanager\mychessstatic\debug\mychessstatic.tlog\cl.read.1.tlog
c:\users\lelli\documents\visual studio 2015\projects\gamemanager\mychessstatic\debug\mychessstatic.tlog\cl.write.1.tlog
c:\users\lelli\documents\visual studio 2015\projects\gamemanager\mychessstatic\debug\mychessstatic.tlog\lib-link.read.1.tlog
c:\users\lelli\documents\visual studio 2015\projects\gamemanager\mychessstatic\debug\mychessstatic.tlog\lib-link.write.1.tlog
c:\users\lelli\documents\visual studio 2015\projects\gamemanager\mychessstatic\debug\mychessstatic.tlog\lib.command.1.tlog
