c:\users\lelli\documents\visual studio 2015\projects\gamemanager\mychess\release\vc140.pdb
c:\users\lelli\documents\visual studio 2015\projects\gamemanager\mychess\release\validate.obj
c:\users\lelli\documents\visual studio 2015\projects\gamemanager\mychess\release\uci.obj
c:\users\lelli\documents\visual studio 2015\projects\gamemanager\mychess\release\polykeys.obj
c:\users\lelli\documents\visual studio 2015\projects\gamemanager\mychess\release\polybook.obj
c:\users\lelli\documents\visual studio 2015\projects\gamemanager\mychess\release\mychess.obj
c:\users\lelli\documents\visual studio 2015\projects\gamemanager\mychess\release\movegen.obj
c:\users\lelli\documents\visual studio 2015\projects\gamemanager\mychess\release\makemove.obj
c:\users\lelli\documents\visual studio 2015\projects\gamemanager\mychess\release\io.obj
c:\users\lelli\documents\visual studio 2015\projects\gamemanager\mychess\release\init.obj
c:\users\lelli\documents\visual studio 2015\projects\gamemanager\mychess\release\hashkeys.obj
c:\users\lelli\documents\visual studio 2015\projects\gamemanager\mychess\release\evaluate.obj
c:\users\lelli\documents\visual studio 2015\projects\gamemanager\mychess\release\data.obj
c:\users\lelli\documents\visual studio 2015\projects\gamemanager\mychess\release\board.obj
c:\users\lelli\documents\visual studio 2015\projects\gamemanager\mychess\release\bitboard.obj
c:\users\lelli\documents\visual studio 2015\projects\gamemanager\mychess\release\attack.obj
c:\users\lelli\documents\visual studio 2015\projects\gamemanager\release\mychess.dll
c:\users\lelli\documents\visual studio 2015\projects\gamemanager\release\mychess.ipdb
c:\users\lelli\documents\visual studio 2015\projects\gamemanager\release\mychess.iobj
c:\users\lelli\documents\visual studio 2015\projects\gamemanager\release\mychess.pdb
c:\users\lelli\documents\visual studio 2015\projects\gamemanager\release\mychess.lib
c:\users\lelli\documents\visual studio 2015\projects\gamemanager\release\mychess.exp
c:\users\lelli\documents\visual studio 2015\projects\gamemanager\mychess\release\mychess.tlog\cl.command.1.tlog
c:\users\lelli\documents\visual studio 2015\projects\gamemanager\mychess\release\mychess.tlog\cl.read.1.tlog
c:\users\lelli\documents\visual studio 2015\projects\gamemanager\mychess\release\mychess.tlog\cl.write.1.tlog
c:\users\lelli\documents\visual studio 2015\projects\gamemanager\mychess\release\mychess.tlog\link.command.1.tlog
c:\users\lelli\documents\visual studio 2015\projects\gamemanager\mychess\release\mychess.tlog\link.read.1.tlog
c:\users\lelli\documents\visual studio 2015\projects\gamemanager\mychess\release\mychess.tlog\link.write.1.tlog
c:\users\lelli\documents\visual studio 2015\projects\gamemanager\mychess\release\mychess.tlog\mychess.write.1u.tlog
