c:\users\lelli\documents\visual studio 2015\projects\gamemanager\mychess\debug\vc140.pdb
c:\users\lelli\documents\visual studio 2015\projects\gamemanager\mychess\debug\vc140.idb
c:\users\lelli\documents\visual studio 2015\projects\gamemanager\mychess\debug\attack.obj
c:\users\lelli\documents\visual studio 2015\projects\gamemanager\mychess\debug\bitboard.obj
c:\users\lelli\documents\visual studio 2015\projects\gamemanager\mychess\debug\board.obj
c:\users\lelli\documents\visual studio 2015\projects\gamemanager\mychess\debug\data.obj
c:\users\lelli\documents\visual studio 2015\projects\gamemanager\mychess\debug\evaluate.obj
c:\users\lelli\documents\visual studio 2015\projects\gamemanager\mychess\debug\hashkeys.obj
c:\users\lelli\documents\visual studio 2015\projects\gamemanager\mychess\debug\init.obj
c:\users\lelli\documents\visual studio 2015\projects\gamemanager\mychess\debug\io.obj
c:\users\lelli\documents\visual studio 2015\projects\gamemanager\mychess\debug\makemove.obj
c:\users\lelli\documents\visual studio 2015\projects\gamemanager\mychess\debug\movegen.obj
c:\users\lelli\documents\visual studio 2015\projects\gamemanager\mychess\debug\mychess.obj
c:\users\lelli\documents\visual studio 2015\projects\gamemanager\mychess\debug\polybook.obj
c:\users\lelli\documents\visual studio 2015\projects\gamemanager\mychess\debug\polykeys.obj
c:\users\lelli\documents\visual studio 2015\projects\gamemanager\mychess\debug\uci.obj
c:\users\lelli\documents\visual studio 2015\projects\gamemanager\mychess\debug\validate.obj
c:\users\lelli\documents\visual studio 2015\projects\gamemanager\debug\mychess.dll
c:\users\lelli\documents\visual studio 2015\projects\gamemanager\debug\mychess.pdb
c:\users\lelli\documents\visual studio 2015\projects\gamemanager\debug\mychess.lib
c:\users\lelli\documents\visual studio 2015\projects\gamemanager\debug\mychess.exp
c:\users\lelli\documents\visual studio 2015\projects\gamemanager\mychess\debug\mychess.tlog\cl.command.1.tlog
c:\users\lelli\documents\visual studio 2015\projects\gamemanager\mychess\debug\mychess.tlog\cl.read.1.tlog
c:\users\lelli\documents\visual studio 2015\projects\gamemanager\mychess\debug\mychess.tlog\cl.write.1.tlog
c:\users\lelli\documents\visual studio 2015\projects\gamemanager\mychess\debug\mychess.tlog\link.command.1.tlog
c:\users\lelli\documents\visual studio 2015\projects\gamemanager\mychess\debug\mychess.tlog\link.read.1.tlog
c:\users\lelli\documents\visual studio 2015\projects\gamemanager\mychess\debug\mychess.tlog\link.write.1.tlog
c:\users\lelli\documents\visual studio 2015\projects\gamemanager\mychess\debug\mychess.tlog\mychess.write.1u.tlog
