c:\users\lelli\documents\visual studio 2015\projects\gamemanager\mychessstatic\release\mychessstatic.pdb
c:\users\lelli\documents\visual studio 2015\projects\gamemanager\mychessstatic\release\validate.obj
c:\users\lelli\documents\visual studio 2015\projects\gamemanager\mychessstatic\release\uci.obj
c:\users\lelli\documents\visual studio 2015\projects\gamemanager\mychessstatic\release\polykeys.obj
c:\users\lelli\documents\visual studio 2015\projects\gamemanager\mychessstatic\release\polybook.obj
c:\users\lelli\documents\visual studio 2015\projects\gamemanager\mychessstatic\release\mychess.obj
c:\users\lelli\documents\visual studio 2015\projects\gamemanager\mychessstatic\release\movegen.obj
c:\users\lelli\documents\visual studio 2015\projects\gamemanager\mychessstatic\release\makemove.obj
c:\users\lelli\documents\visual studio 2015\projects\gamemanager\mychessstatic\release\io.obj
c:\users\lelli\documents\visual studio 2015\projects\gamemanager\mychessstatic\release\init.obj
c:\users\lelli\documents\visual studio 2015\projects\gamemanager\mychessstatic\release\hashkeys.obj
c:\users\lelli\documents\visual studio 2015\projects\gamemanager\mychessstatic\release\evaluate.obj
c:\users\lelli\documents\visual studio 2015\projects\gamemanager\mychessstatic\release\data.obj
c:\users\lelli\documents\visual studio 2015\projects\gamemanager\mychessstatic\release\board.obj
c:\users\lelli\documents\visual studio 2015\projects\gamemanager\mychessstatic\release\bitboard.obj
c:\users\lelli\documents\visual studio 2015\projects\gamemanager\mychessstatic\release\attack.obj
c:\users\lelli\documents\visual studio 2015\projects\gamemanager\release\mychessstatic.lib
c:\users\lelli\documents\visual studio 2015\projects\gamemanager\mychessstatic\release\mychessstatic.tlog\cl.command.1.tlog
c:\users\lelli\documents\visual studio 2015\projects\gamemanager\mychessstatic\release\mychessstatic.tlog\cl.read.1.tlog
c:\users\lelli\documents\visual studio 2015\projects\gamemanager\mychessstatic\release\mychessstatic.tlog\cl.write.1.tlog
c:\users\lelli\documents\visual studio 2015\projects\gamemanager\mychessstatic\release\mychessstatic.tlog\lib-link.read.1.tlog
c:\users\lelli\documents\visual studio 2015\projects\gamemanager\mychessstatic\release\mychessstatic.tlog\lib-link.write.1.tlog
c:\users\lelli\documents\visual studio 2015\projects\gamemanager\mychessstatic\release\mychessstatic.tlog\lib.command.1.tlog
